[2025-05-23 00:17:18] testing.ERROR: SQLSTATE[22007]: Invalid datetime format: 1292 Incorrect datetime value: '1748218638' for column 'expires_at' at row 1 (Connection: mysql, SQL: insert into `sessions` (`user_id`, `token`, `expires_at`) values (1, 28eb90e53994890c8c9348853b176026, 1748218638)) {"exception":"[object] (Illuminate\\Database\\QueryException(code: 22007): SQLSTATE[22007]: Invalid datetime format: 1292 Incorrect datetime value: '1748218638' for column 'expires_at' at row 1 (Connection: mysql, SQL: insert into `sessions` (`user_id`, `token`, `expires_at`) values (1, 28eb90e53994890c8c9348853b176026, 1748218638)) at /var/www/vendor/illuminate/database/Connection.php:829)
[stacktrace]
#0 /var/www/vendor/illuminate/database/Connection.php(783): Illuminate\\Database\\Connection->runQueryCallback('insert into `se...', Array, Object(Closure))
#1 /var/www/vendor/illuminate/database/MySqlConnection.php(34): Illuminate\\Database\\Connection->run('insert into `se...', Array, Object(Closure))
#2 /var/www/vendor/illuminate/database/Query/Builder.php(3498): Illuminate\\Database\\MySqlConnection->insert('insert into `se...', Array)
#3 /var/www/app/Repository/DatabaseRepository.php(47): Illuminate\\Database\\Query\\Builder->insert(Array)
#4 /var/www/app/Manager/TokenManager.php(69): App\\Repository\\DatabaseRepository->registerSession(1, '28eb90e53994890...', '1748218638')
#5 /var/www/app/Services/TokenService.php(44): App\\Manager\\TokenManager->updateToken('28eb90e53994890...', '1748218638', 1)
#6 /var/www/app/Http/Controllers/TokenController.php(31): App\\Services\\TokenService->createToken('user@example.co...', '14bc3d6563a49f1...')
#7 /var/www/vendor/illuminate/container/BoundMethod.php(36): App\\Http\\Controllers\\TokenController->__invoke(Object(Laravel\\Lumen\\Http\\Request))
#8 /var/www/vendor/illuminate/container/Util.php(41): Illuminate\\Container\\BoundMethod::Illuminate\\Container\\{closure}()
#9 /var/www/vendor/illuminate/container/BoundMethod.php(93): Illuminate\\Container\\Util::unwrapIfClosure(Object(Closure))
#10 /var/www/vendor/illuminate/container/BoundMethod.php(35): Illuminate\\Container\\BoundMethod::callBoundMethod(Object(Laravel\\Lumen\\Application), Array, Object(Closure))
#11 /var/www/vendor/illuminate/container/Container.php(662): Illuminate\\Container\\BoundMethod::call(Object(Laravel\\Lumen\\Application), Array, Array, NULL)
#12 /var/www/vendor/laravel/lumen-framework/src/Concerns/RoutesRequests.php(391): Illuminate\\Container\\Container->call(Array, Array)
#13 /var/www/vendor/laravel/lumen-framework/src/Concerns/RoutesRequests.php(356): Laravel\\Lumen\\Application->callControllerCallable(Array, Array)
#14 /var/www/vendor/laravel/lumen-framework/src/Concerns/RoutesRequests.php(331): Laravel\\Lumen\\Application->callLumenController(Object(App\\Http\\Controllers\\TokenController), '__invoke', Array)
#15 /var/www/vendor/laravel/lumen-framework/src/Concerns/RoutesRequests.php(284): Laravel\\Lumen\\Application->callControllerAction(Array)
#16 /var/www/vendor/laravel/lumen-framework/src/Concerns/RoutesRequests.php(269): Laravel\\Lumen\\Application->callActionOnArrayBasedRoute(Array)
#17 /var/www/vendor/laravel/lumen-framework/src/Concerns/RoutesRequests.php(171): Laravel\\Lumen\\Application->handleFoundRoute(Array)
#18 /var/www/vendor/laravel/lumen-framework/src/Concerns/RoutesRequests.php(431): Laravel\\Lumen\\Application->Laravel\\Lumen\\Concerns\\{closure}(Object(Laravel\\Lumen\\Http\\Request))
#19 /var/www/vendor/laravel/lumen-framework/src/Concerns/RoutesRequests.php(167): Laravel\\Lumen\\Application->sendThroughPipeline(Array, Object(Closure))
#20 /var/www/vendor/laravel/lumen-framework/src/Concerns/RoutesRequests.php(95): Laravel\\Lumen\\Application->dispatch(Object(Laravel\\Lumen\\Http\\Request))
#21 /var/www/vendor/laravel/lumen-framework/src/Testing/Concerns/MakesHttpRequests.php(361): Laravel\\Lumen\\Application->handle(Object(Laravel\\Lumen\\Http\\Request))
#22 /var/www/vendor/laravel/lumen-framework/src/Testing/Concerns/MakesHttpRequests.php(83): Laravel\\Lumen\\Testing\\TestCase->call('POST', '/token', Array, Array, Array, Array)
#23 /var/www/tests/Controllers/TokenControllerTest.php(99): Laravel\\Lumen\\Testing\\TestCase->post('/token', Array)
#24 /var/www/vendor/phpunit/phpunit/src/Framework/TestCase.php(1548): Tests\\Controllers\\TokenControllerTest->tokenWithValidCredentialsReturnsToken()
#25 /var/www/vendor/phpunit/phpunit/src/Framework/TestCase.php(686): PHPUnit\\Framework\\TestCase->runTest()
#26 /var/www/vendor/phpunit/phpunit/src/Framework/TestRunner.php(106): PHPUnit\\Framework\\TestCase->runBare()
#27 /var/www/vendor/phpunit/phpunit/src/Framework/TestCase.php(516): PHPUnit\\Framework\\TestRunner->run(Object(Tests\\Controllers\\TokenControllerTest))
#28 /var/www/vendor/phpunit/phpunit/src/Framework/TestSuite.php(374): PHPUnit\\Framework\\TestCase->run()
#29 /var/www/vendor/phpunit/phpunit/src/Framework/TestSuite.php(374): PHPUnit\\Framework\\TestSuite->run()
#30 /var/www/vendor/phpunit/phpunit/src/Framework/TestSuite.php(374): PHPUnit\\Framework\\TestSuite->run()
#31 /var/www/vendor/phpunit/phpunit/src/TextUI/TestRunner.php(64): PHPUnit\\Framework\\TestSuite->run()
#32 /var/www/vendor/phpunit/phpunit/src/TextUI/Application.php(203): PHPUnit\\TextUI\\TestRunner->run(Object(PHPUnit\\TextUI\\Configuration\\Configuration), Object(PHPUnit\\Runner\\ResultCache\\DefaultResultCache), Object(PHPUnit\\Framework\\TestSuite))
#33 /var/www/vendor/phpunit/phpunit/phpunit(104): PHPUnit\\TextUI\\Application->run(Array)
#34 /var/www/vendor/bin/phpunit(122): include('/var/www/vendor...')
#35 {main}

[previous exception] [object] (PDOException(code: 22007): SQLSTATE[22007]: Invalid datetime format: 1292 Incorrect datetime value: '1748218638' for column 'expires_at' at row 1 at /var/www/vendor/illuminate/database/MySqlConnection.php:45)
[stacktrace]
#0 /var/www/vendor/illuminate/database/MySqlConnection.php(45): PDOStatement->execute()
#1 /var/www/vendor/illuminate/database/Connection.php(816): Illuminate\\Database\\MySqlConnection->Illuminate\\Database\\{closure}('insert into `se...', Array)
#2 /var/www/vendor/illuminate/database/Connection.php(783): Illuminate\\Database\\Connection->runQueryCallback('insert into `se...', Array, Object(Closure))
#3 /var/www/vendor/illuminate/database/MySqlConnection.php(34): Illuminate\\Database\\Connection->run('insert into `se...', Array, Object(Closure))
#4 /var/www/vendor/illuminate/database/Query/Builder.php(3498): Illuminate\\Database\\MySqlConnection->insert('insert into `se...', Array)
#5 /var/www/app/Repository/DatabaseRepository.php(47): Illuminate\\Database\\Query\\Builder->insert(Array)
#6 /var/www/app/Manager/TokenManager.php(69): App\\Repository\\DatabaseRepository->registerSession(1, '28eb90e53994890...', '1748218638')
#7 /var/www/app/Services/TokenService.php(44): App\\Manager\\TokenManager->updateToken('28eb90e53994890...', '1748218638', 1)
#8 /var/www/app/Http/Controllers/TokenController.php(31): App\\Services\\TokenService->createToken('user@example.co...', '14bc3d6563a49f1...')
#9 /var/www/vendor/illuminate/container/BoundMethod.php(36): App\\Http\\Controllers\\TokenController->__invoke(Object(Laravel\\Lumen\\Http\\Request))
#10 /var/www/vendor/illuminate/container/Util.php(41): Illuminate\\Container\\BoundMethod::Illuminate\\Container\\{closure}()
#11 /var/www/vendor/illuminate/container/BoundMethod.php(93): Illuminate\\Container\\Util::unwrapIfClosure(Object(Closure))
#12 /var/www/vendor/illuminate/container/BoundMethod.php(35): Illuminate\\Container\\BoundMethod::callBoundMethod(Object(Laravel\\Lumen\\Application), Array, Object(Closure))
#13 /var/www/vendor/illuminate/container/Container.php(662): Illuminate\\Container\\BoundMethod::call(Object(Laravel\\Lumen\\Application), Array, Array, NULL)
#14 /var/www/vendor/laravel/lumen-framework/src/Concerns/RoutesRequests.php(391): Illuminate\\Container\\Container->call(Array, Array)
#15 /var/www/vendor/laravel/lumen-framework/src/Concerns/RoutesRequests.php(356): Laravel\\Lumen\\Application->callControllerCallable(Array, Array)
#16 /var/www/vendor/laravel/lumen-framework/src/Concerns/RoutesRequests.php(331): Laravel\\Lumen\\Application->callLumenController(Object(App\\Http\\Controllers\\TokenController), '__invoke', Array)
#17 /var/www/vendor/laravel/lumen-framework/src/Concerns/RoutesRequests.php(284): Laravel\\Lumen\\Application->callControllerAction(Array)
#18 /var/www/vendor/laravel/lumen-framework/src/Concerns/RoutesRequests.php(269): Laravel\\Lumen\\Application->callActionOnArrayBasedRoute(Array)
#19 /var/www/vendor/laravel/lumen-framework/src/Concerns/RoutesRequests.php(171): Laravel\\Lumen\\Application->handleFoundRoute(Array)
#20 /var/www/vendor/laravel/lumen-framework/src/Concerns/RoutesRequests.php(431): Laravel\\Lumen\\Application->Laravel\\Lumen\\Concerns\\{closure}(Object(Laravel\\Lumen\\Http\\Request))
#21 /var/www/vendor/laravel/lumen-framework/src/Concerns/RoutesRequests.php(167): Laravel\\Lumen\\Application->sendThroughPipeline(Array, Object(Closure))
#22 /var/www/vendor/laravel/lumen-framework/src/Concerns/RoutesRequests.php(95): Laravel\\Lumen\\Application->dispatch(Object(Laravel\\Lumen\\Http\\Request))
#23 /var/www/vendor/laravel/lumen-framework/src/Testing/Concerns/MakesHttpRequests.php(361): Laravel\\Lumen\\Application->handle(Object(Laravel\\Lumen\\Http\\Request))
#24 /var/www/vendor/laravel/lumen-framework/src/Testing/Concerns/MakesHttpRequests.php(83): Laravel\\Lumen\\Testing\\TestCase->call('POST', '/token', Array, Array, Array, Array)
#25 /var/www/tests/Controllers/TokenControllerTest.php(99): Laravel\\Lumen\\Testing\\TestCase->post('/token', Array)
#26 /var/www/vendor/phpunit/phpunit/src/Framework/TestCase.php(1548): Tests\\Controllers\\TokenControllerTest->tokenWithValidCredentialsReturnsToken()
#27 /var/www/vendor/phpunit/phpunit/src/Framework/TestCase.php(686): PHPUnit\\Framework\\TestCase->runTest()
#28 /var/www/vendor/phpunit/phpunit/src/Framework/TestRunner.php(106): PHPUnit\\Framework\\TestCase->runBare()
#29 /var/www/vendor/phpunit/phpunit/src/Framework/TestCase.php(516): PHPUnit\\Framework\\TestRunner->run(Object(Tests\\Controllers\\TokenControllerTest))
#30 /var/www/vendor/phpunit/phpunit/src/Framework/TestSuite.php(374): PHPUnit\\Framework\\TestCase->run()
#31 /var/www/vendor/phpunit/phpunit/src/Framework/TestSuite.php(374): PHPUnit\\Framework\\TestSuite->run()
#32 /var/www/vendor/phpunit/phpunit/src/Framework/TestSuite.php(374): PHPUnit\\Framework\\TestSuite->run()
#33 /var/www/vendor/phpunit/phpunit/src/TextUI/TestRunner.php(64): PHPUnit\\Framework\\TestSuite->run()
#34 /var/www/vendor/phpunit/phpunit/src/TextUI/Application.php(203): PHPUnit\\TextUI\\TestRunner->run(Object(PHPUnit\\TextUI\\Configuration\\Configuration), Object(PHPUnit\\Runner\\ResultCache\\DefaultResultCache), Object(PHPUnit\\Framework\\TestSuite))
#35 /var/www/vendor/phpunit/phpunit/phpunit(104): PHPUnit\\TextUI\\Application->run(Array)
#36 /var/www/vendor/bin/phpunit(122): include('/var/www/vendor...')
#37 {main}
"} 
