[2025-06-03 21:06:56] testing.ERROR: Target [App\Interfaces\TopOfTheTopsRepositoryInterface] is not instantiable while building [App\Http\Controllers\TopOfTheTopsController, App\Services\TopOfTheTopsService]. {"exception":"[object] (Illuminate\\Contracts\\Container\\BindingResolutionException(code: 0): Target [App\\Interfaces\\TopOfTheTopsRepositoryInterface] is not instantiable while building [App\\Http\\Controllers\\TopOfTheTopsController, App\\Services\\TopOfTheTopsService]. at /var/www/vendor/illuminate/container/Container.php:1126)
[stacktrace]
#0 /var/www/vendor/illuminate/container/Container.php(921): Illuminate\\Container\\Container->notInstantiable('App\\\\Interfaces\\\\...')
#1 /var/www/vendor/illuminate/container/Container.php(795): Illuminate\\Container\\Container->build('App\\\\Interfaces\\\\...')
#2 /var/www/vendor/illuminate/container/Container.php(731): Illuminate\\Container\\Container->resolve('App\\\\Interfaces\\\\...', Array)
#3 /var/www/vendor/laravel/lumen-framework/src/Application.php(327): Illuminate\\Container\\Container->make('App\\\\Interfaces\\\\...', Array)
#4 /var/www/vendor/illuminate/container/Container.php(1066): Laravel\\Lumen\\Application->make('App\\\\Interfaces\\\\...')
#5 /var/www/vendor/illuminate/container/Container.php(982): Illuminate\\Container\\Container->resolveClass(Object(ReflectionParameter))
#6 /var/www/vendor/illuminate/container/Container.php(943): Illuminate\\Container\\Container->resolveDependencies(Array)
#7 /var/www/vendor/illuminate/container/Container.php(795): Illuminate\\Container\\Container->build('App\\\\Services\\\\To...')
#8 /var/www/vendor/illuminate/container/Container.php(731): Illuminate\\Container\\Container->resolve('App\\\\Services\\\\To...', Array)
#9 /var/www/vendor/laravel/lumen-framework/src/Application.php(327): Illuminate\\Container\\Container->make('App\\\\Services\\\\To...', Array)
#10 /var/www/vendor/illuminate/container/Container.php(1066): Laravel\\Lumen\\Application->make('App\\\\Services\\\\To...')
#11 /var/www/vendor/illuminate/container/Container.php(982): Illuminate\\Container\\Container->resolveClass(Object(ReflectionParameter))
#12 /var/www/vendor/illuminate/container/Container.php(943): Illuminate\\Container\\Container->resolveDependencies(Array)
#13 /var/www/vendor/illuminate/container/Container.php(795): Illuminate\\Container\\Container->build('App\\\\Http\\\\Contro...')
#14 /var/www/vendor/illuminate/container/Container.php(731): Illuminate\\Container\\Container->resolve('App\\\\Http\\\\Contro...', Array)
#15 /var/www/vendor/laravel/lumen-framework/src/Application.php(327): Illuminate\\Container\\Container->make('App\\\\Http\\\\Contro...', Array)
#16 /var/www/vendor/laravel/lumen-framework/src/Concerns/RoutesRequests.php(326): Laravel\\Lumen\\Application->make('App\\\\Http\\\\Contro...')
#17 /var/www/vendor/laravel/lumen-framework/src/Concerns/RoutesRequests.php(284): Laravel\\Lumen\\Application->callControllerAction(Array)
#18 /var/www/vendor/laravel/lumen-framework/src/Concerns/RoutesRequests.php(264): Laravel\\Lumen\\Application->callActionOnArrayBasedRoute(Array)
#19 /var/www/vendor/laravel/lumen-framework/src/Routing/Pipeline.php(48): Laravel\\Lumen\\Application->Laravel\\Lumen\\Concerns\\{closure}(Object(Laravel\\Lumen\\Http\\Request))
#20 /var/www/app/Http/Middleware/AuthMiddleware.php(43): Laravel\\Lumen\\Routing\\Pipeline->Laravel\\Lumen\\Routing\\{closure}(Object(Laravel\\Lumen\\Http\\Request))
#21 /var/www/vendor/illuminate/pipeline/Pipeline.php(183): App\\Http\\Middleware\\AuthMiddleware->handle(Object(Laravel\\Lumen\\Http\\Request), Object(Closure))
#22 /var/www/vendor/laravel/lumen-framework/src/Routing/Pipeline.php(30): Illuminate\\Pipeline\\Pipeline->Illuminate\\Pipeline\\{closure}(Object(Laravel\\Lumen\\Http\\Request))
#23 /var/www/vendor/illuminate/pipeline/Pipeline.php(119): Laravel\\Lumen\\Routing\\Pipeline->Laravel\\Lumen\\Routing\\{closure}(Object(Laravel\\Lumen\\Http\\Request))
#24 /var/www/vendor/laravel/lumen-framework/src/Concerns/RoutesRequests.php(428): Illuminate\\Pipeline\\Pipeline->then(Object(Closure))
#25 /var/www/vendor/laravel/lumen-framework/src/Concerns/RoutesRequests.php(263): Laravel\\Lumen\\Application->sendThroughPipeline(Array, Object(Closure))
#26 /var/www/vendor/laravel/lumen-framework/src/Concerns/RoutesRequests.php(171): Laravel\\Lumen\\Application->handleFoundRoute(Array)
#27 /var/www/vendor/laravel/lumen-framework/src/Concerns/RoutesRequests.php(431): Laravel\\Lumen\\Application->Laravel\\Lumen\\Concerns\\{closure}(Object(Laravel\\Lumen\\Http\\Request))
#28 /var/www/vendor/laravel/lumen-framework/src/Concerns/RoutesRequests.php(167): Laravel\\Lumen\\Application->sendThroughPipeline(Array, Object(Closure))
#29 /var/www/vendor/laravel/lumen-framework/src/Concerns/RoutesRequests.php(95): Laravel\\Lumen\\Application->dispatch(Object(Laravel\\Lumen\\Http\\Request))
#30 /var/www/vendor/laravel/lumen-framework/src/Testing/Concerns/MakesHttpRequests.php(361): Laravel\\Lumen\\Application->handle(Object(Laravel\\Lumen\\Http\\Request))
#31 /var/www/vendor/laravel/lumen-framework/src/Testing/Concerns/MakesHttpRequests.php(66): Laravel\\Lumen\\Testing\\TestCase->call('GET', '/analytics/tops...', Array, Array, Array, Array)
#32 /var/www/tests/Integration/Controllers/TopOfTheTopsControllerTest.php(40): Laravel\\Lumen\\Testing\\TestCase->get('/analytics/tops...', Array)
#33 /var/www/vendor/phpunit/phpunit/src/Framework/TestCase.php(1548): Integration\\Controllers\\TopOfTheTopsControllerTest->invalidSinceParameterReturns400()
#34 /var/www/vendor/phpunit/phpunit/src/Framework/TestCase.php(686): PHPUnit\\Framework\\TestCase->runTest()
#35 /var/www/vendor/phpunit/phpunit/src/Framework/TestRunner.php(106): PHPUnit\\Framework\\TestCase->runBare()
#36 /var/www/vendor/phpunit/phpunit/src/Framework/TestCase.php(516): PHPUnit\\Framework\\TestRunner->run(Object(Integration\\Controllers\\TopOfTheTopsControllerTest))
#37 /var/www/vendor/phpunit/phpunit/src/Framework/TestSuite.php(374): PHPUnit\\Framework\\TestCase->run()
#38 /var/www/vendor/phpunit/phpunit/src/Framework/TestSuite.php(374): PHPUnit\\Framework\\TestSuite->run()
#39 /var/www/vendor/phpunit/phpunit/src/Framework/TestSuite.php(374): PHPUnit\\Framework\\TestSuite->run()
#40 /var/www/vendor/phpunit/phpunit/src/TextUI/TestRunner.php(64): PHPUnit\\Framework\\TestSuite->run()
#41 /var/www/vendor/phpunit/phpunit/src/TextUI/Application.php(203): PHPUnit\\TextUI\\TestRunner->run(Object(PHPUnit\\TextUI\\Configuration\\Configuration), Object(PHPUnit\\Runner\\ResultCache\\DefaultResultCache), Object(PHPUnit\\Framework\\TestSuite))
#42 /var/www/vendor/phpunit/phpunit/phpunit(104): PHPUnit\\TextUI\\Application->run(Array)
#43 /var/www/vendor/bin/phpunit(122): include('/var/www/vendor...')
#44 {main}
"} 
[2025-06-03 21:06:56] testing.ERROR: Target [App\Interfaces\TopOfTheTopsRepositoryInterface] is not instantiable while building [App\Http\Controllers\TopOfTheTopsController, App\Services\TopOfTheTopsService]. {"exception":"[object] (Illuminate\\Contracts\\Container\\BindingResolutionException(code: 0): Target [App\\Interfaces\\TopOfTheTopsRepositoryInterface] is not instantiable while building [App\\Http\\Controllers\\TopOfTheTopsController, App\\Services\\TopOfTheTopsService]. at /var/www/vendor/illuminate/container/Container.php:1126)
[stacktrace]
#0 /var/www/vendor/illuminate/container/Container.php(921): Illuminate\\Container\\Container->notInstantiable('App\\\\Interfaces\\\\...')
#1 /var/www/vendor/illuminate/container/Container.php(795): Illuminate\\Container\\Container->build('App\\\\Interfaces\\\\...')
#2 /var/www/vendor/illuminate/container/Container.php(731): Illuminate\\Container\\Container->resolve('App\\\\Interfaces\\\\...', Array)
#3 /var/www/vendor/laravel/lumen-framework/src/Application.php(327): Illuminate\\Container\\Container->make('App\\\\Interfaces\\\\...', Array)
#4 /var/www/vendor/illuminate/container/Container.php(1066): Laravel\\Lumen\\Application->make('App\\\\Interfaces\\\\...')
#5 /var/www/vendor/illuminate/container/Container.php(982): Illuminate\\Container\\Container->resolveClass(Object(ReflectionParameter))
#6 /var/www/vendor/illuminate/container/Container.php(943): Illuminate\\Container\\Container->resolveDependencies(Array)
#7 /var/www/vendor/illuminate/container/Container.php(795): Illuminate\\Container\\Container->build('App\\\\Services\\\\To...')
#8 /var/www/vendor/illuminate/container/Container.php(731): Illuminate\\Container\\Container->resolve('App\\\\Services\\\\To...', Array)
#9 /var/www/vendor/laravel/lumen-framework/src/Application.php(327): Illuminate\\Container\\Container->make('App\\\\Services\\\\To...', Array)
#10 /var/www/vendor/illuminate/container/Container.php(1066): Laravel\\Lumen\\Application->make('App\\\\Services\\\\To...')
#11 /var/www/vendor/illuminate/container/Container.php(982): Illuminate\\Container\\Container->resolveClass(Object(ReflectionParameter))
#12 /var/www/vendor/illuminate/container/Container.php(943): Illuminate\\Container\\Container->resolveDependencies(Array)
#13 /var/www/vendor/illuminate/container/Container.php(795): Illuminate\\Container\\Container->build('App\\\\Http\\\\Contro...')
#14 /var/www/vendor/illuminate/container/Container.php(731): Illuminate\\Container\\Container->resolve('App\\\\Http\\\\Contro...', Array)
#15 /var/www/vendor/laravel/lumen-framework/src/Application.php(327): Illuminate\\Container\\Container->make('App\\\\Http\\\\Contro...', Array)
#16 /var/www/vendor/laravel/lumen-framework/src/Concerns/RoutesRequests.php(326): Laravel\\Lumen\\Application->make('App\\\\Http\\\\Contro...')
#17 /var/www/vendor/laravel/lumen-framework/src/Concerns/RoutesRequests.php(284): Laravel\\Lumen\\Application->callControllerAction(Array)
#18 /var/www/vendor/laravel/lumen-framework/src/Concerns/RoutesRequests.php(264): Laravel\\Lumen\\Application->callActionOnArrayBasedRoute(Array)
#19 /var/www/vendor/laravel/lumen-framework/src/Routing/Pipeline.php(48): Laravel\\Lumen\\Application->Laravel\\Lumen\\Concerns\\{closure}(Object(Laravel\\Lumen\\Http\\Request))
#20 /var/www/app/Http/Middleware/AuthMiddleware.php(43): Laravel\\Lumen\\Routing\\Pipeline->Laravel\\Lumen\\Routing\\{closure}(Object(Laravel\\Lumen\\Http\\Request))
#21 /var/www/vendor/illuminate/pipeline/Pipeline.php(183): App\\Http\\Middleware\\AuthMiddleware->handle(Object(Laravel\\Lumen\\Http\\Request), Object(Closure))
#22 /var/www/vendor/laravel/lumen-framework/src/Routing/Pipeline.php(30): Illuminate\\Pipeline\\Pipeline->Illuminate\\Pipeline\\{closure}(Object(Laravel\\Lumen\\Http\\Request))
#23 /var/www/vendor/illuminate/pipeline/Pipeline.php(119): Laravel\\Lumen\\Routing\\Pipeline->Laravel\\Lumen\\Routing\\{closure}(Object(Laravel\\Lumen\\Http\\Request))
#24 /var/www/vendor/laravel/lumen-framework/src/Concerns/RoutesRequests.php(428): Illuminate\\Pipeline\\Pipeline->then(Object(Closure))
#25 /var/www/vendor/laravel/lumen-framework/src/Concerns/RoutesRequests.php(263): Laravel\\Lumen\\Application->sendThroughPipeline(Array, Object(Closure))
#26 /var/www/vendor/laravel/lumen-framework/src/Concerns/RoutesRequests.php(171): Laravel\\Lumen\\Application->handleFoundRoute(Array)
#27 /var/www/vendor/laravel/lumen-framework/src/Concerns/RoutesRequests.php(431): Laravel\\Lumen\\Application->Laravel\\Lumen\\Concerns\\{closure}(Object(Laravel\\Lumen\\Http\\Request))
#28 /var/www/vendor/laravel/lumen-framework/src/Concerns/RoutesRequests.php(167): Laravel\\Lumen\\Application->sendThroughPipeline(Array, Object(Closure))
#29 /var/www/vendor/laravel/lumen-framework/src/Concerns/RoutesRequests.php(95): Laravel\\Lumen\\Application->dispatch(Object(Laravel\\Lumen\\Http\\Request))
#30 /var/www/vendor/laravel/lumen-framework/src/Testing/Concerns/MakesHttpRequests.php(361): Laravel\\Lumen\\Application->handle(Object(Laravel\\Lumen\\Http\\Request))
#31 /var/www/vendor/laravel/lumen-framework/src/Testing/Concerns/MakesHttpRequests.php(66): Laravel\\Lumen\\Testing\\TestCase->call('GET', '/analytics/tops...', Array, Array, Array, Array)
#32 /var/www/tests/Integration/Controllers/TopOfTheTopsControllerTest.php(51): Laravel\\Lumen\\Testing\\TestCase->get('/analytics/tops...', Array)
#33 /var/www/vendor/phpunit/phpunit/src/Framework/TestCase.php(1548): Integration\\Controllers\\TopOfTheTopsControllerTest->emptySinceValueReturns400()
#34 /var/www/vendor/phpunit/phpunit/src/Framework/TestCase.php(686): PHPUnit\\Framework\\TestCase->runTest()
#35 /var/www/vendor/phpunit/phpunit/src/Framework/TestRunner.php(106): PHPUnit\\Framework\\TestCase->runBare()
#36 /var/www/vendor/phpunit/phpunit/src/Framework/TestCase.php(516): PHPUnit\\Framework\\TestRunner->run(Object(Integration\\Controllers\\TopOfTheTopsControllerTest))
#37 /var/www/vendor/phpunit/phpunit/src/Framework/TestSuite.php(374): PHPUnit\\Framework\\TestCase->run()
#38 /var/www/vendor/phpunit/phpunit/src/Framework/TestSuite.php(374): PHPUnit\\Framework\\TestSuite->run()
#39 /var/www/vendor/phpunit/phpunit/src/Framework/TestSuite.php(374): PHPUnit\\Framework\\TestSuite->run()
#40 /var/www/vendor/phpunit/phpunit/src/TextUI/TestRunner.php(64): PHPUnit\\Framework\\TestSuite->run()
#41 /var/www/vendor/phpunit/phpunit/src/TextUI/Application.php(203): PHPUnit\\TextUI\\TestRunner->run(Object(PHPUnit\\TextUI\\Configuration\\Configuration), Object(PHPUnit\\Runner\\ResultCache\\DefaultResultCache), Object(PHPUnit\\Framework\\TestSuite))
#42 /var/www/vendor/phpunit/phpunit/phpunit(104): PHPUnit\\TextUI\\Application->run(Array)
#43 /var/www/vendor/bin/phpunit(122): include('/var/www/vendor...')
#44 {main}
"} 
[2025-06-03 21:06:56] testing.ERROR: Target [App\Interfaces\TopOfTheTopsRepositoryInterface] is not instantiable while building [App\Http\Controllers\TopOfTheTopsController, App\Services\TopOfTheTopsService]. {"exception":"[object] (Illuminate\\Contracts\\Container\\BindingResolutionException(code: 0): Target [App\\Interfaces\\TopOfTheTopsRepositoryInterface] is not instantiable while building [App\\Http\\Controllers\\TopOfTheTopsController, App\\Services\\TopOfTheTopsService]. at /var/www/vendor/illuminate/container/Container.php:1126)
[stacktrace]
#0 /var/www/vendor/illuminate/container/Container.php(921): Illuminate\\Container\\Container->notInstantiable('App\\\\Interfaces\\\\...')
#1 /var/www/vendor/illuminate/container/Container.php(795): Illuminate\\Container\\Container->build('App\\\\Interfaces\\\\...')
#2 /var/www/vendor/illuminate/container/Container.php(731): Illuminate\\Container\\Container->resolve('App\\\\Interfaces\\\\...', Array)
#3 /var/www/vendor/laravel/lumen-framework/src/Application.php(327): Illuminate\\Container\\Container->make('App\\\\Interfaces\\\\...', Array)
#4 /var/www/vendor/illuminate/container/Container.php(1066): Laravel\\Lumen\\Application->make('App\\\\Interfaces\\\\...')
#5 /var/www/vendor/illuminate/container/Container.php(982): Illuminate\\Container\\Container->resolveClass(Object(ReflectionParameter))
#6 /var/www/vendor/illuminate/container/Container.php(943): Illuminate\\Container\\Container->resolveDependencies(Array)
#7 /var/www/vendor/illuminate/container/Container.php(795): Illuminate\\Container\\Container->build('App\\\\Services\\\\To...')
#8 /var/www/vendor/illuminate/container/Container.php(731): Illuminate\\Container\\Container->resolve('App\\\\Services\\\\To...', Array)
#9 /var/www/vendor/laravel/lumen-framework/src/Application.php(327): Illuminate\\Container\\Container->make('App\\\\Services\\\\To...', Array)
#10 /var/www/vendor/illuminate/container/Container.php(1066): Laravel\\Lumen\\Application->make('App\\\\Services\\\\To...')
#11 /var/www/vendor/illuminate/container/Container.php(982): Illuminate\\Container\\Container->resolveClass(Object(ReflectionParameter))
#12 /var/www/vendor/illuminate/container/Container.php(943): Illuminate\\Container\\Container->resolveDependencies(Array)
#13 /var/www/vendor/illuminate/container/Container.php(795): Illuminate\\Container\\Container->build('App\\\\Http\\\\Contro...')
#14 /var/www/vendor/illuminate/container/Container.php(731): Illuminate\\Container\\Container->resolve('App\\\\Http\\\\Contro...', Array)
#15 /var/www/vendor/laravel/lumen-framework/src/Application.php(327): Illuminate\\Container\\Container->make('App\\\\Http\\\\Contro...', Array)
#16 /var/www/vendor/laravel/lumen-framework/src/Concerns/RoutesRequests.php(326): Laravel\\Lumen\\Application->make('App\\\\Http\\\\Contro...')
#17 /var/www/vendor/laravel/lumen-framework/src/Concerns/RoutesRequests.php(284): Laravel\\Lumen\\Application->callControllerAction(Array)
#18 /var/www/vendor/laravel/lumen-framework/src/Concerns/RoutesRequests.php(264): Laravel\\Lumen\\Application->callActionOnArrayBasedRoute(Array)
#19 /var/www/vendor/laravel/lumen-framework/src/Routing/Pipeline.php(48): Laravel\\Lumen\\Application->Laravel\\Lumen\\Concerns\\{closure}(Object(Laravel\\Lumen\\Http\\Request))
#20 /var/www/app/Http/Middleware/AuthMiddleware.php(43): Laravel\\Lumen\\Routing\\Pipeline->Laravel\\Lumen\\Routing\\{closure}(Object(Laravel\\Lumen\\Http\\Request))
#21 /var/www/vendor/illuminate/pipeline/Pipeline.php(183): App\\Http\\Middleware\\AuthMiddleware->handle(Object(Laravel\\Lumen\\Http\\Request), Object(Closure))
#22 /var/www/vendor/laravel/lumen-framework/src/Routing/Pipeline.php(30): Illuminate\\Pipeline\\Pipeline->Illuminate\\Pipeline\\{closure}(Object(Laravel\\Lumen\\Http\\Request))
#23 /var/www/vendor/illuminate/pipeline/Pipeline.php(119): Laravel\\Lumen\\Routing\\Pipeline->Laravel\\Lumen\\Routing\\{closure}(Object(Laravel\\Lumen\\Http\\Request))
#24 /var/www/vendor/laravel/lumen-framework/src/Concerns/RoutesRequests.php(428): Illuminate\\Pipeline\\Pipeline->then(Object(Closure))
#25 /var/www/vendor/laravel/lumen-framework/src/Concerns/RoutesRequests.php(263): Laravel\\Lumen\\Application->sendThroughPipeline(Array, Object(Closure))
#26 /var/www/vendor/laravel/lumen-framework/src/Concerns/RoutesRequests.php(171): Laravel\\Lumen\\Application->handleFoundRoute(Array)
#27 /var/www/vendor/laravel/lumen-framework/src/Concerns/RoutesRequests.php(431): Laravel\\Lumen\\Application->Laravel\\Lumen\\Concerns\\{closure}(Object(Laravel\\Lumen\\Http\\Request))
#28 /var/www/vendor/laravel/lumen-framework/src/Concerns/RoutesRequests.php(167): Laravel\\Lumen\\Application->sendThroughPipeline(Array, Object(Closure))
#29 /var/www/vendor/laravel/lumen-framework/src/Concerns/RoutesRequests.php(95): Laravel\\Lumen\\Application->dispatch(Object(Laravel\\Lumen\\Http\\Request))
#30 /var/www/vendor/laravel/lumen-framework/src/Testing/Concerns/MakesHttpRequests.php(361): Laravel\\Lumen\\Application->handle(Object(Laravel\\Lumen\\Http\\Request))
#31 /var/www/vendor/laravel/lumen-framework/src/Testing/Concerns/MakesHttpRequests.php(66): Laravel\\Lumen\\Testing\\TestCase->call('GET', '/analytics/tops...', Array, Array, Array, Array)
#32 /var/www/tests/Integration/Controllers/TopOfTheTopsControllerTest.php(62): Laravel\\Lumen\\Testing\\TestCase->get('/analytics/tops...', Array)
#33 /var/www/vendor/phpunit/phpunit/src/Framework/TestCase.php(1548): Integration\\Controllers\\TopOfTheTopsControllerTest->nonNumericSinceValueReturns400()
#34 /var/www/vendor/phpunit/phpunit/src/Framework/TestCase.php(686): PHPUnit\\Framework\\TestCase->runTest()
#35 /var/www/vendor/phpunit/phpunit/src/Framework/TestRunner.php(106): PHPUnit\\Framework\\TestCase->runBare()
#36 /var/www/vendor/phpunit/phpunit/src/Framework/TestCase.php(516): PHPUnit\\Framework\\TestRunner->run(Object(Integration\\Controllers\\TopOfTheTopsControllerTest))
#37 /var/www/vendor/phpunit/phpunit/src/Framework/TestSuite.php(374): PHPUnit\\Framework\\TestCase->run()
#38 /var/www/vendor/phpunit/phpunit/src/Framework/TestSuite.php(374): PHPUnit\\Framework\\TestSuite->run()
#39 /var/www/vendor/phpunit/phpunit/src/Framework/TestSuite.php(374): PHPUnit\\Framework\\TestSuite->run()
#40 /var/www/vendor/phpunit/phpunit/src/TextUI/TestRunner.php(64): PHPUnit\\Framework\\TestSuite->run()
#41 /var/www/vendor/phpunit/phpunit/src/TextUI/Application.php(203): PHPUnit\\TextUI\\TestRunner->run(Object(PHPUnit\\TextUI\\Configuration\\Configuration), Object(PHPUnit\\Runner\\ResultCache\\DefaultResultCache), Object(PHPUnit\\Framework\\TestSuite))
#42 /var/www/vendor/phpunit/phpunit/phpunit(104): PHPUnit\\TextUI\\Application->run(Array)
#43 /var/www/vendor/bin/phpunit(122): include('/var/www/vendor...')
#44 {main}
"} 
[2025-06-03 21:06:57] testing.ERROR: Target [App\Interfaces\TopOfTheTopsRepositoryInterface] is not instantiable while building [App\Http\Controllers\TopOfTheTopsController, App\Services\TopOfTheTopsService]. {"exception":"[object] (Illuminate\\Contracts\\Container\\BindingResolutionException(code: 0): Target [App\\Interfaces\\TopOfTheTopsRepositoryInterface] is not instantiable while building [App\\Http\\Controllers\\TopOfTheTopsController, App\\Services\\TopOfTheTopsService]. at /var/www/vendor/illuminate/container/Container.php:1126)
[stacktrace]
#0 /var/www/vendor/illuminate/container/Container.php(921): Illuminate\\Container\\Container->notInstantiable('App\\\\Interfaces\\\\...')
#1 /var/www/vendor/illuminate/container/Container.php(795): Illuminate\\Container\\Container->build('App\\\\Interfaces\\\\...')
#2 /var/www/vendor/illuminate/container/Container.php(731): Illuminate\\Container\\Container->resolve('App\\\\Interfaces\\\\...', Array)
#3 /var/www/vendor/laravel/lumen-framework/src/Application.php(327): Illuminate\\Container\\Container->make('App\\\\Interfaces\\\\...', Array)
#4 /var/www/vendor/illuminate/container/Container.php(1066): Laravel\\Lumen\\Application->make('App\\\\Interfaces\\\\...')
#5 /var/www/vendor/illuminate/container/Container.php(982): Illuminate\\Container\\Container->resolveClass(Object(ReflectionParameter))
#6 /var/www/vendor/illuminate/container/Container.php(943): Illuminate\\Container\\Container->resolveDependencies(Array)
#7 /var/www/vendor/illuminate/container/Container.php(795): Illuminate\\Container\\Container->build('App\\\\Services\\\\To...')
#8 /var/www/vendor/illuminate/container/Container.php(731): Illuminate\\Container\\Container->resolve('App\\\\Services\\\\To...', Array)
#9 /var/www/vendor/laravel/lumen-framework/src/Application.php(327): Illuminate\\Container\\Container->make('App\\\\Services\\\\To...', Array)
#10 /var/www/vendor/illuminate/container/Container.php(1066): Laravel\\Lumen\\Application->make('App\\\\Services\\\\To...')
#11 /var/www/vendor/illuminate/container/Container.php(982): Illuminate\\Container\\Container->resolveClass(Object(ReflectionParameter))
#12 /var/www/vendor/illuminate/container/Container.php(943): Illuminate\\Container\\Container->resolveDependencies(Array)
#13 /var/www/vendor/illuminate/container/Container.php(795): Illuminate\\Container\\Container->build('App\\\\Http\\\\Contro...')
#14 /var/www/vendor/illuminate/container/Container.php(731): Illuminate\\Container\\Container->resolve('App\\\\Http\\\\Contro...', Array)
#15 /var/www/vendor/laravel/lumen-framework/src/Application.php(327): Illuminate\\Container\\Container->make('App\\\\Http\\\\Contro...', Array)
#16 /var/www/vendor/laravel/lumen-framework/src/Concerns/RoutesRequests.php(326): Laravel\\Lumen\\Application->make('App\\\\Http\\\\Contro...')
#17 /var/www/vendor/laravel/lumen-framework/src/Concerns/RoutesRequests.php(284): Laravel\\Lumen\\Application->callControllerAction(Array)
#18 /var/www/vendor/laravel/lumen-framework/src/Concerns/RoutesRequests.php(264): Laravel\\Lumen\\Application->callActionOnArrayBasedRoute(Array)
#19 /var/www/vendor/laravel/lumen-framework/src/Routing/Pipeline.php(48): Laravel\\Lumen\\Application->Laravel\\Lumen\\Concerns\\{closure}(Object(Laravel\\Lumen\\Http\\Request))
#20 /var/www/app/Http/Middleware/AuthMiddleware.php(43): Laravel\\Lumen\\Routing\\Pipeline->Laravel\\Lumen\\Routing\\{closure}(Object(Laravel\\Lumen\\Http\\Request))
#21 /var/www/vendor/illuminate/pipeline/Pipeline.php(183): App\\Http\\Middleware\\AuthMiddleware->handle(Object(Laravel\\Lumen\\Http\\Request), Object(Closure))
#22 /var/www/vendor/laravel/lumen-framework/src/Routing/Pipeline.php(30): Illuminate\\Pipeline\\Pipeline->Illuminate\\Pipeline\\{closure}(Object(Laravel\\Lumen\\Http\\Request))
#23 /var/www/vendor/illuminate/pipeline/Pipeline.php(119): Laravel\\Lumen\\Routing\\Pipeline->Laravel\\Lumen\\Routing\\{closure}(Object(Laravel\\Lumen\\Http\\Request))
#24 /var/www/vendor/laravel/lumen-framework/src/Concerns/RoutesRequests.php(428): Illuminate\\Pipeline\\Pipeline->then(Object(Closure))
#25 /var/www/vendor/laravel/lumen-framework/src/Concerns/RoutesRequests.php(263): Laravel\\Lumen\\Application->sendThroughPipeline(Array, Object(Closure))
#26 /var/www/vendor/laravel/lumen-framework/src/Concerns/RoutesRequests.php(171): Laravel\\Lumen\\Application->handleFoundRoute(Array)
#27 /var/www/vendor/laravel/lumen-framework/src/Concerns/RoutesRequests.php(431): Laravel\\Lumen\\Application->Laravel\\Lumen\\Concerns\\{closure}(Object(Laravel\\Lumen\\Http\\Request))
#28 /var/www/vendor/laravel/lumen-framework/src/Concerns/RoutesRequests.php(167): Laravel\\Lumen\\Application->sendThroughPipeline(Array, Object(Closure))
#29 /var/www/vendor/laravel/lumen-framework/src/Concerns/RoutesRequests.php(95): Laravel\\Lumen\\Application->dispatch(Object(Laravel\\Lumen\\Http\\Request))
#30 /var/www/vendor/laravel/lumen-framework/src/Testing/Concerns/MakesHttpRequests.php(361): Laravel\\Lumen\\Application->handle(Object(Laravel\\Lumen\\Http\\Request))
#31 /var/www/vendor/laravel/lumen-framework/src/Testing/Concerns/MakesHttpRequests.php(66): Laravel\\Lumen\\Testing\\TestCase->call('GET', '/analytics/tops...', Array, Array, Array, Array)
#32 /var/www/tests/Integration/Controllers/TopOfTheTopsControllerTest.php(73): Laravel\\Lumen\\Testing\\TestCase->get('/analytics/tops...', Array)
#33 /var/www/vendor/phpunit/phpunit/src/Framework/TestCase.php(1548): Integration\\Controllers\\TopOfTheTopsControllerTest->negativeSinceValueReturns400()
#34 /var/www/vendor/phpunit/phpunit/src/Framework/TestCase.php(686): PHPUnit\\Framework\\TestCase->runTest()
#35 /var/www/vendor/phpunit/phpunit/src/Framework/TestRunner.php(106): PHPUnit\\Framework\\TestCase->runBare()
#36 /var/www/vendor/phpunit/phpunit/src/Framework/TestCase.php(516): PHPUnit\\Framework\\TestRunner->run(Object(Integration\\Controllers\\TopOfTheTopsControllerTest))
#37 /var/www/vendor/phpunit/phpunit/src/Framework/TestSuite.php(374): PHPUnit\\Framework\\TestCase->run()
#38 /var/www/vendor/phpunit/phpunit/src/Framework/TestSuite.php(374): PHPUnit\\Framework\\TestSuite->run()
#39 /var/www/vendor/phpunit/phpunit/src/Framework/TestSuite.php(374): PHPUnit\\Framework\\TestSuite->run()
#40 /var/www/vendor/phpunit/phpunit/src/TextUI/TestRunner.php(64): PHPUnit\\Framework\\TestSuite->run()
#41 /var/www/vendor/phpunit/phpunit/src/TextUI/Application.php(203): PHPUnit\\TextUI\\TestRunner->run(Object(PHPUnit\\TextUI\\Configuration\\Configuration), Object(PHPUnit\\Runner\\ResultCache\\DefaultResultCache), Object(PHPUnit\\Framework\\TestSuite))
#42 /var/www/vendor/phpunit/phpunit/phpunit(104): PHPUnit\\TextUI\\Application->run(Array)
#43 /var/www/vendor/bin/phpunit(122): include('/var/www/vendor...')
#44 {main}
"} 
[2025-06-03 21:06:57] testing.ERROR: Target [App\Interfaces\TopOfTheTopsRepositoryInterface] is not instantiable while building [App\Http\Controllers\TopOfTheTopsController, App\Services\TopOfTheTopsService]. {"exception":"[object] (Illuminate\\Contracts\\Container\\BindingResolutionException(code: 0): Target [App\\Interfaces\\TopOfTheTopsRepositoryInterface] is not instantiable while building [App\\Http\\Controllers\\TopOfTheTopsController, App\\Services\\TopOfTheTopsService]. at /var/www/vendor/illuminate/container/Container.php:1126)
[stacktrace]
#0 /var/www/vendor/illuminate/container/Container.php(921): Illuminate\\Container\\Container->notInstantiable('App\\\\Interfaces\\\\...')
#1 /var/www/vendor/illuminate/container/Container.php(795): Illuminate\\Container\\Container->build('App\\\\Interfaces\\\\...')
#2 /var/www/vendor/illuminate/container/Container.php(731): Illuminate\\Container\\Container->resolve('App\\\\Interfaces\\\\...', Array)
#3 /var/www/vendor/laravel/lumen-framework/src/Application.php(327): Illuminate\\Container\\Container->make('App\\\\Interfaces\\\\...', Array)
#4 /var/www/vendor/illuminate/container/Container.php(1066): Laravel\\Lumen\\Application->make('App\\\\Interfaces\\\\...')
#5 /var/www/vendor/illuminate/container/Container.php(982): Illuminate\\Container\\Container->resolveClass(Object(ReflectionParameter))
#6 /var/www/vendor/illuminate/container/Container.php(943): Illuminate\\Container\\Container->resolveDependencies(Array)
#7 /var/www/vendor/illuminate/container/Container.php(795): Illuminate\\Container\\Container->build('App\\\\Services\\\\To...')
#8 /var/www/vendor/illuminate/container/Container.php(731): Illuminate\\Container\\Container->resolve('App\\\\Services\\\\To...', Array)
#9 /var/www/vendor/laravel/lumen-framework/src/Application.php(327): Illuminate\\Container\\Container->make('App\\\\Services\\\\To...', Array)
#10 /var/www/vendor/illuminate/container/Container.php(1066): Laravel\\Lumen\\Application->make('App\\\\Services\\\\To...')
#11 /var/www/vendor/illuminate/container/Container.php(982): Illuminate\\Container\\Container->resolveClass(Object(ReflectionParameter))
#12 /var/www/vendor/illuminate/container/Container.php(943): Illuminate\\Container\\Container->resolveDependencies(Array)
#13 /var/www/vendor/illuminate/container/Container.php(795): Illuminate\\Container\\Container->build('App\\\\Http\\\\Contro...')
#14 /var/www/vendor/illuminate/container/Container.php(731): Illuminate\\Container\\Container->resolve('App\\\\Http\\\\Contro...', Array)
#15 /var/www/vendor/laravel/lumen-framework/src/Application.php(327): Illuminate\\Container\\Container->make('App\\\\Http\\\\Contro...', Array)
#16 /var/www/vendor/laravel/lumen-framework/src/Concerns/RoutesRequests.php(326): Laravel\\Lumen\\Application->make('App\\\\Http\\\\Contro...')
#17 /var/www/vendor/laravel/lumen-framework/src/Concerns/RoutesRequests.php(284): Laravel\\Lumen\\Application->callControllerAction(Array)
#18 /var/www/vendor/laravel/lumen-framework/src/Concerns/RoutesRequests.php(264): Laravel\\Lumen\\Application->callActionOnArrayBasedRoute(Array)
#19 /var/www/vendor/laravel/lumen-framework/src/Routing/Pipeline.php(48): Laravel\\Lumen\\Application->Laravel\\Lumen\\Concerns\\{closure}(Object(Laravel\\Lumen\\Http\\Request))
#20 /var/www/app/Http/Middleware/AuthMiddleware.php(43): Laravel\\Lumen\\Routing\\Pipeline->Laravel\\Lumen\\Routing\\{closure}(Object(Laravel\\Lumen\\Http\\Request))
#21 /var/www/vendor/illuminate/pipeline/Pipeline.php(183): App\\Http\\Middleware\\AuthMiddleware->handle(Object(Laravel\\Lumen\\Http\\Request), Object(Closure))
#22 /var/www/vendor/laravel/lumen-framework/src/Routing/Pipeline.php(30): Illuminate\\Pipeline\\Pipeline->Illuminate\\Pipeline\\{closure}(Object(Laravel\\Lumen\\Http\\Request))
#23 /var/www/vendor/illuminate/pipeline/Pipeline.php(119): Laravel\\Lumen\\Routing\\Pipeline->Laravel\\Lumen\\Routing\\{closure}(Object(Laravel\\Lumen\\Http\\Request))
#24 /var/www/vendor/laravel/lumen-framework/src/Concerns/RoutesRequests.php(428): Illuminate\\Pipeline\\Pipeline->then(Object(Closure))
#25 /var/www/vendor/laravel/lumen-framework/src/Concerns/RoutesRequests.php(263): Laravel\\Lumen\\Application->sendThroughPipeline(Array, Object(Closure))
#26 /var/www/vendor/laravel/lumen-framework/src/Concerns/RoutesRequests.php(171): Laravel\\Lumen\\Application->handleFoundRoute(Array)
#27 /var/www/vendor/laravel/lumen-framework/src/Concerns/RoutesRequests.php(431): Laravel\\Lumen\\Application->Laravel\\Lumen\\Concerns\\{closure}(Object(Laravel\\Lumen\\Http\\Request))
#28 /var/www/vendor/laravel/lumen-framework/src/Concerns/RoutesRequests.php(167): Laravel\\Lumen\\Application->sendThroughPipeline(Array, Object(Closure))
#29 /var/www/vendor/laravel/lumen-framework/src/Concerns/RoutesRequests.php(95): Laravel\\Lumen\\Application->dispatch(Object(Laravel\\Lumen\\Http\\Request))
#30 /var/www/vendor/laravel/lumen-framework/src/Testing/Concerns/MakesHttpRequests.php(361): Laravel\\Lumen\\Application->handle(Object(Laravel\\Lumen\\Http\\Request))
#31 /var/www/vendor/laravel/lumen-framework/src/Testing/Concerns/MakesHttpRequests.php(66): Laravel\\Lumen\\Testing\\TestCase->call('GET', '/analytics/tops...', Array, Array, Array, Array)
#32 /var/www/tests/Integration/Controllers/TopOfTheTopsControllerTest.php(84): Laravel\\Lumen\\Testing\\TestCase->get('/analytics/tops...', Array)
#33 /var/www/vendor/phpunit/phpunit/src/Framework/TestCase.php(1548): Integration\\Controllers\\TopOfTheTopsControllerTest->validRequestReturnsTopOfTheTopsList()
#34 /var/www/vendor/phpunit/phpunit/src/Framework/TestCase.php(686): PHPUnit\\Framework\\TestCase->runTest()
#35 /var/www/vendor/phpunit/phpunit/src/Framework/TestRunner.php(106): PHPUnit\\Framework\\TestCase->runBare()
#36 /var/www/vendor/phpunit/phpunit/src/Framework/TestCase.php(516): PHPUnit\\Framework\\TestRunner->run(Object(Integration\\Controllers\\TopOfTheTopsControllerTest))
#37 /var/www/vendor/phpunit/phpunit/src/Framework/TestSuite.php(374): PHPUnit\\Framework\\TestCase->run()
#38 /var/www/vendor/phpunit/phpunit/src/Framework/TestSuite.php(374): PHPUnit\\Framework\\TestSuite->run()
#39 /var/www/vendor/phpunit/phpunit/src/Framework/TestSuite.php(374): PHPUnit\\Framework\\TestSuite->run()
#40 /var/www/vendor/phpunit/phpunit/src/TextUI/TestRunner.php(64): PHPUnit\\Framework\\TestSuite->run()
#41 /var/www/vendor/phpunit/phpunit/src/TextUI/Application.php(203): PHPUnit\\TextUI\\TestRunner->run(Object(PHPUnit\\TextUI\\Configuration\\Configuration), Object(PHPUnit\\Runner\\ResultCache\\DefaultResultCache), Object(PHPUnit\\Framework\\TestSuite))
#42 /var/www/vendor/phpunit/phpunit/phpunit(104): PHPUnit\\TextUI\\Application->run(Array)
#43 /var/www/vendor/bin/phpunit(122): include('/var/www/vendor...')
#44 {main}
"} 
