[2025-05-22 23:41:11] testing.ERROR: App\Repository\DatabaseRepository::registerSession(): Argument #3 ($expiresAt) must be of type int, string given, called in /var/www/app/Manager/TokenManager.php on line 66 {"exception":"[object] (TypeError(code: 0): App\\Repository\\DatabaseRepository::registerSession(): Argument #3 ($expiresAt) must be of type int, string given, called in /var/www/app/Manager/TokenManager.php on line 66 at /var/www/app/Repository/DatabaseRepository.php:44)
[stacktrace]
#0 /var/www/app/Manager/TokenManager.php(66): App\\Repository\\DatabaseRepository->registerSession(1, '358c75d4c45b6bd...', '2025-05-25 23:4...')
#1 /var/www/app/Services/TokenService.php(44): App\\Manager\\TokenManager->updateToken('358c75d4c45b6bd...', '2025-05-25 23:4...', 1)
#2 /var/www/app/Http/Controllers/TokenController.php(31): App\\Services\\TokenService->createToken('user@example.co...', '698fa4ebdfbb994...')
#3 /var/www/vendor/illuminate/container/BoundMethod.php(36): App\\Http\\Controllers\\TokenController->__invoke(Object(Laravel\\Lumen\\Http\\Request))
#4 /var/www/vendor/illuminate/container/Util.php(41): Illuminate\\Container\\BoundMethod::Illuminate\\Container\\{closure}()
#5 /var/www/vendor/illuminate/container/BoundMethod.php(93): Illuminate\\Container\\Util::unwrapIfClosure(Object(Closure))
#6 /var/www/vendor/illuminate/container/BoundMethod.php(35): Illuminate\\Container\\BoundMethod::callBoundMethod(Object(Laravel\\Lumen\\Application), Array, Object(Closure))
#7 /var/www/vendor/illuminate/container/Container.php(662): Illuminate\\Container\\BoundMethod::call(Object(Laravel\\Lumen\\Application), Array, Array, NULL)
#8 /var/www/vendor/laravel/lumen-framework/src/Concerns/RoutesRequests.php(391): Illuminate\\Container\\Container->call(Array, Array)
#9 /var/www/vendor/laravel/lumen-framework/src/Concerns/RoutesRequests.php(356): Laravel\\Lumen\\Application->callControllerCallable(Array, Array)
#10 /var/www/vendor/laravel/lumen-framework/src/Concerns/RoutesRequests.php(331): Laravel\\Lumen\\Application->callLumenController(Object(App\\Http\\Controllers\\TokenController), '__invoke', Array)
#11 /var/www/vendor/laravel/lumen-framework/src/Concerns/RoutesRequests.php(284): Laravel\\Lumen\\Application->callControllerAction(Array)
#12 /var/www/vendor/laravel/lumen-framework/src/Concerns/RoutesRequests.php(269): Laravel\\Lumen\\Application->callActionOnArrayBasedRoute(Array)
#13 /var/www/vendor/laravel/lumen-framework/src/Concerns/RoutesRequests.php(171): Laravel\\Lumen\\Application->handleFoundRoute(Array)
#14 /var/www/vendor/laravel/lumen-framework/src/Concerns/RoutesRequests.php(431): Laravel\\Lumen\\Application->Laravel\\Lumen\\Concerns\\{closure}(Object(Laravel\\Lumen\\Http\\Request))
#15 /var/www/vendor/laravel/lumen-framework/src/Concerns/RoutesRequests.php(167): Laravel\\Lumen\\Application->sendThroughPipeline(Array, Object(Closure))
#16 /var/www/vendor/laravel/lumen-framework/src/Concerns/RoutesRequests.php(95): Laravel\\Lumen\\Application->dispatch(Object(Laravel\\Lumen\\Http\\Request))
#17 /var/www/vendor/laravel/lumen-framework/src/Testing/Concerns/MakesHttpRequests.php(361): Laravel\\Lumen\\Application->handle(Object(Laravel\\Lumen\\Http\\Request))
#18 /var/www/vendor/laravel/lumen-framework/src/Testing/Concerns/MakesHttpRequests.php(83): Laravel\\Lumen\\Testing\\TestCase->call('POST', '/token', Array, Array, Array, Array)
#19 /var/www/tests/Controllers/TokenControllerTest.php(99): Laravel\\Lumen\\Testing\\TestCase->post('/token', Array)
#20 /var/www/vendor/phpunit/phpunit/src/Framework/TestCase.php(1548): Tests\\Controllers\\TokenControllerTest->tokenWithValidCredentialsReturnsToken()
#21 /var/www/vendor/phpunit/phpunit/src/Framework/TestCase.php(686): PHPUnit\\Framework\\TestCase->runTest()
#22 /var/www/vendor/phpunit/phpunit/src/Framework/TestRunner.php(106): PHPUnit\\Framework\\TestCase->runBare()
#23 /var/www/vendor/phpunit/phpunit/src/Framework/TestCase.php(516): PHPUnit\\Framework\\TestRunner->run(Object(Tests\\Controllers\\TokenControllerTest))
#24 /var/www/vendor/phpunit/phpunit/src/Framework/TestSuite.php(374): PHPUnit\\Framework\\TestCase->run()
#25 /var/www/vendor/phpunit/phpunit/src/Framework/TestSuite.php(374): PHPUnit\\Framework\\TestSuite->run()
#26 /var/www/vendor/phpunit/phpunit/src/Framework/TestSuite.php(374): PHPUnit\\Framework\\TestSuite->run()
#27 /var/www/vendor/phpunit/phpunit/src/TextUI/TestRunner.php(64): PHPUnit\\Framework\\TestSuite->run()
#28 /var/www/vendor/phpunit/phpunit/src/TextUI/Application.php(203): PHPUnit\\TextUI\\TestRunner->run(Object(PHPUnit\\TextUI\\Configuration\\Configuration), Object(PHPUnit\\Runner\\ResultCache\\DefaultResultCache), Object(PHPUnit\\Framework\\TestSuite))
#29 /var/www/vendor/phpunit/phpunit/phpunit(104): PHPUnit\\TextUI\\Application->run(Array)
#30 /var/www/vendor/bin/phpunit(122): include('/var/www/vendor...')
#31 {main}
"} 
[2025-05-22 23:42:57] testing.ERROR: App\Repository\DatabaseRepository::registerSession(): Argument #3 ($expiresAt) must be of type int, string given, called in /var/www/app/Manager/TokenManager.php on line 66 {"exception":"[object] (TypeError(code: 0): App\\Repository\\DatabaseRepository::registerSession(): Argument #3 ($expiresAt) must be of type int, string given, called in /var/www/app/Manager/TokenManager.php on line 66 at /var/www/app/Repository/DatabaseRepository.php:44)
[stacktrace]
#0 /var/www/app/Manager/TokenManager.php(66): App\\Repository\\DatabaseRepository->registerSession(1, '20f1abd0d0d8986...', '2025-05-25 23:4...')
#1 /var/www/app/Services/TokenService.php(44): App\\Manager\\TokenManager->updateToken('20f1abd0d0d8986...', '2025-05-25 23:4...', 1)
#2 /var/www/app/Http/Controllers/TokenController.php(31): App\\Services\\TokenService->createToken('user@example.co...', 'fbc115dea747c6c...')
#3 /var/www/vendor/illuminate/container/BoundMethod.php(36): App\\Http\\Controllers\\TokenController->__invoke(Object(Laravel\\Lumen\\Http\\Request))
#4 /var/www/vendor/illuminate/container/Util.php(41): Illuminate\\Container\\BoundMethod::Illuminate\\Container\\{closure}()
#5 /var/www/vendor/illuminate/container/BoundMethod.php(93): Illuminate\\Container\\Util::unwrapIfClosure(Object(Closure))
#6 /var/www/vendor/illuminate/container/BoundMethod.php(35): Illuminate\\Container\\BoundMethod::callBoundMethod(Object(Laravel\\Lumen\\Application), Array, Object(Closure))
#7 /var/www/vendor/illuminate/container/Container.php(662): Illuminate\\Container\\BoundMethod::call(Object(Laravel\\Lumen\\Application), Array, Array, NULL)
#8 /var/www/vendor/laravel/lumen-framework/src/Concerns/RoutesRequests.php(391): Illuminate\\Container\\Container->call(Array, Array)
#9 /var/www/vendor/laravel/lumen-framework/src/Concerns/RoutesRequests.php(356): Laravel\\Lumen\\Application->callControllerCallable(Array, Array)
#10 /var/www/vendor/laravel/lumen-framework/src/Concerns/RoutesRequests.php(331): Laravel\\Lumen\\Application->callLumenController(Object(App\\Http\\Controllers\\TokenController), '__invoke', Array)
#11 /var/www/vendor/laravel/lumen-framework/src/Concerns/RoutesRequests.php(284): Laravel\\Lumen\\Application->callControllerAction(Array)
#12 /var/www/vendor/laravel/lumen-framework/src/Concerns/RoutesRequests.php(269): Laravel\\Lumen\\Application->callActionOnArrayBasedRoute(Array)
#13 /var/www/vendor/laravel/lumen-framework/src/Concerns/RoutesRequests.php(171): Laravel\\Lumen\\Application->handleFoundRoute(Array)
#14 /var/www/vendor/laravel/lumen-framework/src/Concerns/RoutesRequests.php(431): Laravel\\Lumen\\Application->Laravel\\Lumen\\Concerns\\{closure}(Object(Laravel\\Lumen\\Http\\Request))
#15 /var/www/vendor/laravel/lumen-framework/src/Concerns/RoutesRequests.php(167): Laravel\\Lumen\\Application->sendThroughPipeline(Array, Object(Closure))
#16 /var/www/vendor/laravel/lumen-framework/src/Concerns/RoutesRequests.php(95): Laravel\\Lumen\\Application->dispatch(Object(Laravel\\Lumen\\Http\\Request))
#17 /var/www/vendor/laravel/lumen-framework/src/Testing/Concerns/MakesHttpRequests.php(361): Laravel\\Lumen\\Application->handle(Object(Laravel\\Lumen\\Http\\Request))
#18 /var/www/vendor/laravel/lumen-framework/src/Testing/Concerns/MakesHttpRequests.php(83): Laravel\\Lumen\\Testing\\TestCase->call('POST', '/token', Array, Array, Array, Array)
#19 /var/www/tests/Controllers/TokenControllerTest.php(99): Laravel\\Lumen\\Testing\\TestCase->post('/token', Array)
#20 /var/www/vendor/phpunit/phpunit/src/Framework/TestCase.php(1548): Tests\\Controllers\\TokenControllerTest->tokenWithValidCredentialsReturnsToken()
#21 /var/www/vendor/phpunit/phpunit/src/Framework/TestCase.php(686): PHPUnit\\Framework\\TestCase->runTest()
#22 /var/www/vendor/phpunit/phpunit/src/Framework/TestRunner.php(106): PHPUnit\\Framework\\TestCase->runBare()
#23 /var/www/vendor/phpunit/phpunit/src/Framework/TestCase.php(516): PHPUnit\\Framework\\TestRunner->run(Object(Tests\\Controllers\\TokenControllerTest))
#24 /var/www/vendor/phpunit/phpunit/src/Framework/TestSuite.php(374): PHPUnit\\Framework\\TestCase->run()
#25 /var/www/vendor/phpunit/phpunit/src/Framework/TestSuite.php(374): PHPUnit\\Framework\\TestSuite->run()
#26 /var/www/vendor/phpunit/phpunit/src/Framework/TestSuite.php(374): PHPUnit\\Framework\\TestSuite->run()
#27 /var/www/vendor/phpunit/phpunit/src/TextUI/TestRunner.php(64): PHPUnit\\Framework\\TestSuite->run()
#28 /var/www/vendor/phpunit/phpunit/src/TextUI/Application.php(203): PHPUnit\\TextUI\\TestRunner->run(Object(PHPUnit\\TextUI\\Configuration\\Configuration), Object(PHPUnit\\Runner\\ResultCache\\DefaultResultCache), Object(PHPUnit\\Framework\\TestSuite))
#29 /var/www/vendor/phpunit/phpunit/phpunit(104): PHPUnit\\TextUI\\Application->run(Array)
#30 /var/www/vendor/bin/phpunit(122): include('/var/www/vendor...')
#31 {main}
"} 
[2025-05-22 23:43:38] testing.ERROR: App\Repository\DatabaseRepository::registerSession(): Argument #3 ($expiresAt) must be of type int, string given, called in /var/www/app/Manager/TokenManager.php on line 66 {"exception":"[object] (TypeError(code: 0): App\\Repository\\DatabaseRepository::registerSession(): Argument #3 ($expiresAt) must be of type int, string given, called in /var/www/app/Manager/TokenManager.php on line 66 at /var/www/app/Repository/DatabaseRepository.php:44)
[stacktrace]
#0 /var/www/app/Manager/TokenManager.php(66): App\\Repository\\DatabaseRepository->registerSession(1, '2a6054e1ca10fa8...', '2025-05-25 23:4...')
#1 /var/www/app/Services/TokenService.php(44): App\\Manager\\TokenManager->updateToken('2a6054e1ca10fa8...', '2025-05-25 23:4...', 1)
#2 /var/www/app/Http/Controllers/TokenController.php(31): App\\Services\\TokenService->createToken('user@example.co...', '395bd8cc33d3d4d...')
#3 /var/www/vendor/illuminate/container/BoundMethod.php(36): App\\Http\\Controllers\\TokenController->__invoke(Object(Laravel\\Lumen\\Http\\Request))
#4 /var/www/vendor/illuminate/container/Util.php(41): Illuminate\\Container\\BoundMethod::Illuminate\\Container\\{closure}()
#5 /var/www/vendor/illuminate/container/BoundMethod.php(93): Illuminate\\Container\\Util::unwrapIfClosure(Object(Closure))
#6 /var/www/vendor/illuminate/container/BoundMethod.php(35): Illuminate\\Container\\BoundMethod::callBoundMethod(Object(Laravel\\Lumen\\Application), Array, Object(Closure))
#7 /var/www/vendor/illuminate/container/Container.php(662): Illuminate\\Container\\BoundMethod::call(Object(Laravel\\Lumen\\Application), Array, Array, NULL)
#8 /var/www/vendor/laravel/lumen-framework/src/Concerns/RoutesRequests.php(391): Illuminate\\Container\\Container->call(Array, Array)
#9 /var/www/vendor/laravel/lumen-framework/src/Concerns/RoutesRequests.php(356): Laravel\\Lumen\\Application->callControllerCallable(Array, Array)
#10 /var/www/vendor/laravel/lumen-framework/src/Concerns/RoutesRequests.php(331): Laravel\\Lumen\\Application->callLumenController(Object(App\\Http\\Controllers\\TokenController), '__invoke', Array)
#11 /var/www/vendor/laravel/lumen-framework/src/Concerns/RoutesRequests.php(284): Laravel\\Lumen\\Application->callControllerAction(Array)
#12 /var/www/vendor/laravel/lumen-framework/src/Concerns/RoutesRequests.php(269): Laravel\\Lumen\\Application->callActionOnArrayBasedRoute(Array)
#13 /var/www/vendor/laravel/lumen-framework/src/Concerns/RoutesRequests.php(171): Laravel\\Lumen\\Application->handleFoundRoute(Array)
#14 /var/www/vendor/laravel/lumen-framework/src/Concerns/RoutesRequests.php(431): Laravel\\Lumen\\Application->Laravel\\Lumen\\Concerns\\{closure}(Object(Laravel\\Lumen\\Http\\Request))
#15 /var/www/vendor/laravel/lumen-framework/src/Concerns/RoutesRequests.php(167): Laravel\\Lumen\\Application->sendThroughPipeline(Array, Object(Closure))
#16 /var/www/vendor/laravel/lumen-framework/src/Concerns/RoutesRequests.php(95): Laravel\\Lumen\\Application->dispatch(Object(Laravel\\Lumen\\Http\\Request))
#17 /var/www/vendor/laravel/lumen-framework/src/Testing/Concerns/MakesHttpRequests.php(361): Laravel\\Lumen\\Application->handle(Object(Laravel\\Lumen\\Http\\Request))
#18 /var/www/vendor/laravel/lumen-framework/src/Testing/Concerns/MakesHttpRequests.php(83): Laravel\\Lumen\\Testing\\TestCase->call('POST', '/token', Array, Array, Array, Array)
#19 /var/www/tests/Controllers/TokenControllerTest.php(99): Laravel\\Lumen\\Testing\\TestCase->post('/token', Array)
#20 /var/www/vendor/phpunit/phpunit/src/Framework/TestCase.php(1548): Tests\\Controllers\\TokenControllerTest->tokenWithValidCredentialsReturnsToken()
#21 /var/www/vendor/phpunit/phpunit/src/Framework/TestCase.php(686): PHPUnit\\Framework\\TestCase->runTest()
#22 /var/www/vendor/phpunit/phpunit/src/Framework/TestRunner.php(106): PHPUnit\\Framework\\TestCase->runBare()
#23 /var/www/vendor/phpunit/phpunit/src/Framework/TestCase.php(516): PHPUnit\\Framework\\TestRunner->run(Object(Tests\\Controllers\\TokenControllerTest))
#24 /var/www/vendor/phpunit/phpunit/src/Framework/TestSuite.php(374): PHPUnit\\Framework\\TestCase->run()
#25 /var/www/vendor/phpunit/phpunit/src/Framework/TestSuite.php(374): PHPUnit\\Framework\\TestSuite->run()
#26 /var/www/vendor/phpunit/phpunit/src/Framework/TestSuite.php(374): PHPUnit\\Framework\\TestSuite->run()
#27 /var/www/vendor/phpunit/phpunit/src/TextUI/TestRunner.php(64): PHPUnit\\Framework\\TestSuite->run()
#28 /var/www/vendor/phpunit/phpunit/src/TextUI/Application.php(203): PHPUnit\\TextUI\\TestRunner->run(Object(PHPUnit\\TextUI\\Configuration\\Configuration), Object(PHPUnit\\Runner\\ResultCache\\DefaultResultCache), Object(PHPUnit\\Framework\\TestSuite))
#29 /var/www/vendor/phpunit/phpunit/phpunit(104): PHPUnit\\TextUI\\Application->run(Array)
#30 /var/www/vendor/bin/phpunit(122): include('/var/www/vendor...')
#31 {main}
"} 
[2025-05-22 23:46:47] local.ERROR: SQLSTATE[23000]: Integrity constraint violation: 1062 Duplicate entry 'test@example.com' for key 'users.users_email_unique' (Connection: mysql, SQL: insert into `users` (`email`, `api_key`) values (test@example.com, 2d5e18037816af319c076fe3c2725629)) {"exception":"[object] (Illuminate\\Database\\UniqueConstraintViolationException(code: 23000): SQLSTATE[23000]: Integrity constraint violation: 1062 Duplicate entry 'test@example.com' for key 'users.users_email_unique' (Connection: mysql, SQL: insert into `users` (`email`, `api_key`) values (test@example.com, 2d5e18037816af319c076fe3c2725629)) at /var/www/vendor/illuminate/database/Connection.php:824)
[stacktrace]
#0 /var/www/vendor/illuminate/database/Connection.php(783): Illuminate\\Database\\Connection->runQueryCallback('insert into `us...', Array, Object(Closure))
#1 /var/www/vendor/illuminate/database/MySqlConnection.php(34): Illuminate\\Database\\Connection->run('insert into `us...', Array, Object(Closure))
#2 /var/www/vendor/illuminate/database/Query/Builder.php(3498): Illuminate\\Database\\MySqlConnection->insert('insert into `us...', Array)
#3 /var/www/app/Repository/DatabaseRepository.php(20): Illuminate\\Database\\Query\\Builder->insert(Array)
#4 /var/www/app/Services/RegisterService.php(30): App\\Repository\\DatabaseRepository->registerEmailAndApiKey('test@example.co...', '2d5e18037816af3...')
#5 /var/www/app/Http/Controllers/RegisterController.php(29): App\\Services\\RegisterService->registerUser('test@example.co...')
#6 /var/www/vendor/illuminate/container/BoundMethod.php(36): App\\Http\\Controllers\\RegisterController->__invoke(Object(Laravel\\Lumen\\Http\\Request))
#7 /var/www/vendor/illuminate/container/Util.php(41): Illuminate\\Container\\BoundMethod::Illuminate\\Container\\{closure}()
#8 /var/www/vendor/illuminate/container/BoundMethod.php(93): Illuminate\\Container\\Util::unwrapIfClosure(Object(Closure))
#9 /var/www/vendor/illuminate/container/BoundMethod.php(35): Illuminate\\Container\\BoundMethod::callBoundMethod(Object(Laravel\\Lumen\\Application), Array, Object(Closure))
#10 /var/www/vendor/illuminate/container/Container.php(662): Illuminate\\Container\\BoundMethod::call(Object(Laravel\\Lumen\\Application), Array, Array, NULL)
#11 /var/www/vendor/laravel/lumen-framework/src/Concerns/RoutesRequests.php(391): Illuminate\\Container\\Container->call(Array, Array)
#12 /var/www/vendor/laravel/lumen-framework/src/Concerns/RoutesRequests.php(356): Laravel\\Lumen\\Application->callControllerCallable(Array, Array)
#13 /var/www/vendor/laravel/lumen-framework/src/Concerns/RoutesRequests.php(331): Laravel\\Lumen\\Application->callLumenController(Object(App\\Http\\Controllers\\RegisterController), '__invoke', Array)
#14 /var/www/vendor/laravel/lumen-framework/src/Concerns/RoutesRequests.php(284): Laravel\\Lumen\\Application->callControllerAction(Array)
#15 /var/www/vendor/laravel/lumen-framework/src/Concerns/RoutesRequests.php(269): Laravel\\Lumen\\Application->callActionOnArrayBasedRoute(Array)
#16 /var/www/vendor/laravel/lumen-framework/src/Concerns/RoutesRequests.php(171): Laravel\\Lumen\\Application->handleFoundRoute(Array)
#17 /var/www/vendor/laravel/lumen-framework/src/Concerns/RoutesRequests.php(431): Laravel\\Lumen\\Application->Laravel\\Lumen\\Concerns\\{closure}(Object(Laravel\\Lumen\\Http\\Request))
#18 /var/www/vendor/laravel/lumen-framework/src/Concerns/RoutesRequests.php(167): Laravel\\Lumen\\Application->sendThroughPipeline(Array, Object(Closure))
#19 /var/www/vendor/laravel/lumen-framework/src/Concerns/RoutesRequests.php(112): Laravel\\Lumen\\Application->dispatch(NULL)
#20 /var/www/public/index.php(28): Laravel\\Lumen\\Application->run()
#21 {main}

[previous exception] [object] (PDOException(code: 23000): SQLSTATE[23000]: Integrity constraint violation: 1062 Duplicate entry 'test@example.com' for key 'users.users_email_unique' at /var/www/vendor/illuminate/database/MySqlConnection.php:45)
[stacktrace]
#0 /var/www/vendor/illuminate/database/MySqlConnection.php(45): PDOStatement->execute()
#1 /var/www/vendor/illuminate/database/Connection.php(816): Illuminate\\Database\\MySqlConnection->Illuminate\\Database\\{closure}('insert into `us...', Array)
#2 /var/www/vendor/illuminate/database/Connection.php(783): Illuminate\\Database\\Connection->runQueryCallback('insert into `us...', Array, Object(Closure))
#3 /var/www/vendor/illuminate/database/MySqlConnection.php(34): Illuminate\\Database\\Connection->run('insert into `us...', Array, Object(Closure))
#4 /var/www/vendor/illuminate/database/Query/Builder.php(3498): Illuminate\\Database\\MySqlConnection->insert('insert into `us...', Array)
#5 /var/www/app/Repository/DatabaseRepository.php(20): Illuminate\\Database\\Query\\Builder->insert(Array)
#6 /var/www/app/Services/RegisterService.php(30): App\\Repository\\DatabaseRepository->registerEmailAndApiKey('test@example.co...', '2d5e18037816af3...')
#7 /var/www/app/Http/Controllers/RegisterController.php(29): App\\Services\\RegisterService->registerUser('test@example.co...')
#8 /var/www/vendor/illuminate/container/BoundMethod.php(36): App\\Http\\Controllers\\RegisterController->__invoke(Object(Laravel\\Lumen\\Http\\Request))
#9 /var/www/vendor/illuminate/container/Util.php(41): Illuminate\\Container\\BoundMethod::Illuminate\\Container\\{closure}()
#10 /var/www/vendor/illuminate/container/BoundMethod.php(93): Illuminate\\Container\\Util::unwrapIfClosure(Object(Closure))
#11 /var/www/vendor/illuminate/container/BoundMethod.php(35): Illuminate\\Container\\BoundMethod::callBoundMethod(Object(Laravel\\Lumen\\Application), Array, Object(Closure))
#12 /var/www/vendor/illuminate/container/Container.php(662): Illuminate\\Container\\BoundMethod::call(Object(Laravel\\Lumen\\Application), Array, Array, NULL)
#13 /var/www/vendor/laravel/lumen-framework/src/Concerns/RoutesRequests.php(391): Illuminate\\Container\\Container->call(Array, Array)
#14 /var/www/vendor/laravel/lumen-framework/src/Concerns/RoutesRequests.php(356): Laravel\\Lumen\\Application->callControllerCallable(Array, Array)
#15 /var/www/vendor/laravel/lumen-framework/src/Concerns/RoutesRequests.php(331): Laravel\\Lumen\\Application->callLumenController(Object(App\\Http\\Controllers\\RegisterController), '__invoke', Array)
#16 /var/www/vendor/laravel/lumen-framework/src/Concerns/RoutesRequests.php(284): Laravel\\Lumen\\Application->callControllerAction(Array)
#17 /var/www/vendor/laravel/lumen-framework/src/Concerns/RoutesRequests.php(269): Laravel\\Lumen\\Application->callActionOnArrayBasedRoute(Array)
#18 /var/www/vendor/laravel/lumen-framework/src/Concerns/RoutesRequests.php(171): Laravel\\Lumen\\Application->handleFoundRoute(Array)
#19 /var/www/vendor/laravel/lumen-framework/src/Concerns/RoutesRequests.php(431): Laravel\\Lumen\\Application->Laravel\\Lumen\\Concerns\\{closure}(Object(Laravel\\Lumen\\Http\\Request))
#20 /var/www/vendor/laravel/lumen-framework/src/Concerns/RoutesRequests.php(167): Laravel\\Lumen\\Application->sendThroughPipeline(Array, Object(Closure))
#21 /var/www/vendor/laravel/lumen-framework/src/Concerns/RoutesRequests.php(112): Laravel\\Lumen\\Application->dispatch(NULL)
#22 /var/www/public/index.php(28): Laravel\\Lumen\\Application->run()
#23 {main}
"} 
